20 20
 0	Proc01	20	S
 20	Proc01	20	S
 40	Proc01	10	B
 50	(IDLE)	5	I
 55	Proc02	5	B
 60	(IDLE)	10	I
 70	Proc01	20	S
 90	Proc04	1	B
 91	Proc05	15	B
 106	Proc08	20	S
 126	Proc04	1	B
 127	Proc08	15	B
 142	Proc05	15	B
 157	Proc04	1	B
 158	Proc03	10	B
 168	Proc08	20	S
 188	Proc04	1	B
 189	Proc08	15	B
 204	Proc05	15	B
 219	Proc04	1	B
 220	Proc06	20	S
 240	Proc04	1	B
 241	Proc08	20	S
 261	Proc04	1	B
 262	Proc08	15	B
 277	Proc05	15	B
 292	Proc04	1	B
 293	Proc03	10	B
 303	Proc08	20	S
 323	Proc04	1	B
 324	Proc08	15	B
 339	Proc09	20	S
 359	Proc04	1	B
 360	Proc08	10	T
 370	Proc05	15	B
 385	Proc04	1	B
 386	Proc09	2	B
 388	Proc01	20	S
 408	Proc04	1	B
 409	Proc05	15	B
 424	Proc09	20	S
 444	Proc04	1	B
 445	Proc09	2	B
 447	Proc05	15	B
 462	Proc06	20	S
 482	Proc04	1	B
 483	Proc09	20	S
 503	Proc04	1	B
 504	Proc05	15	B
 519	Proc09	2	B
 521	Proc03	10	B
 531	Proc04	1	B
 532	Proc01	10	B
 542	Proc05	15	B
 557	Proc04	1	B
 558	Proc09	20	S
 578	Proc04	1	B
 579	Proc09	2	B
 581	Proc05	15	B
 596	Proc06	20	S
 616	Proc04	1	B
 617	Proc09	20	S
 637	Proc04	1	B
 638	Proc05	15	B
 653	Proc09	2	B
 655	Proc03	10	B
 665	Proc04	1	B
 666	Proc01	20	S
 686	Proc04	1	B
 687	Proc05	15	B
 702	Proc09	20	S
 722	Proc04	1	B
 723	Proc09	2	B
 725	Proc05	15	B
 740	Proc10	20	S
 760	Proc04	1	B
 761	Proc09	20	S
 781	Proc04	1	B
 782	Proc05	5	T
 787	Proc09	2	B
 789	Proc03	10	B
 799	Proc06	10	B
 809	Proc04	1	B
 810	Proc09	20	S
 830	Proc04	1	B
 831	Proc09	2	B
 833	Proc01	20	S
 853	Proc04	1	B
 854	Proc09	20	S
 874	Proc04	1	B
 875	Proc09	2	B
 877	Proc10	7	B
 884	Proc03	10	B
 894	Proc06	20	S
 914	Proc04	1	B
 915	Proc09	2	T
 917	Proc01	10	B
 927	Proc06	20	S
 947	Proc04	1	B
 948	Proc10	20	S
 968	Proc04	1	B
 969	Proc03	10	B
 979	Proc01	20	S
 999	Proc04	1	B
 1000	Proc06	20	S
 1020	Proc04	1	B
 1021	Proc10	7	B
 1028	Proc01	20	S
 1048	Proc04	1	B
 1049	Proc03	10	B
 1059	Proc10	20	S
 1079	Proc04	1	B
 1080	Proc06	10	B
 1090	Proc01	10	B
 1100	Proc04	1	B
 1101	Proc10	7	B
 1108	Proc03	10	B
 1118	Proc06	20	S
 1138	Proc04	1	B
 1139	Proc06	20	S
 1159	Proc04	1	B
 1160	Proc01	20	S
 1180	Proc04	1	B
 1181	Proc10	20	S
 1201	Proc04	1	B
 1202	Proc03	10	T
 1212	Proc06	20	S
 1232	Proc04	1	B
 1233	Proc01	20	S
 1253	Proc04	1	B
 1254	Proc10	7	B
 1261	Proc06	10	B
 1271	Proc01	10	B
 1281	Proc04	1	B
 1282	Proc10	20	S
 1302	Proc04	1	B
 1303	Proc10	7	B
 1310	Proc06	20	S
 1330	Proc04	1	B
 1331	Proc01	20	S
 1351	Proc04	1	B
 1352	Proc10	20	S
 1372	Proc04	1	B
 1373	Proc06	20	S
 1393	Proc04	1	B
 1394	Proc01	20	S
 1414	Proc04	1	T
 1415	Proc10	7	B
 1422	Proc06	20	S
 1442	Proc01	10	B
 1452	Proc10	20	S
 1472	Proc06	10	B
 1482	Proc10	7	B
 1489	Proc01	20	S
 1509	Proc01	20	S
 1529	Proc06	20	S
 1549	Proc10	20	S
 1569	Proc01	10	B
 1579	Proc06	20	S
 1599	Proc10	7	B
 1606	Proc01	20	S
 1626	Proc06	20	S
 1646	Proc01	20	S
 1666	Proc10	20	S
 1686	Proc06	10	B
 1696	Proc01	10	B
 1706	Proc10	7	B
 1713	Proc02	5	B
 1718	Proc06	20	S
 1738	Proc06	20	S
 1758	Proc01	20	S
 1778	Proc10	20	S
 1798	Proc06	20	S
 1818	Proc01	20	S
 1838	Proc10	7	B
 1845	Proc06	10	B
 1855	Proc01	10	B
 1865	Proc10	20	S
 1885	Proc10	7	B
 1892	Proc06	20	S
 1912	Proc01	20	S
 1932	Proc10	3	T
 1935	Proc06	20	S
 1955	Proc01	20	S
 1975	Proc06	20	S
 1995	Proc01	10	T
 2005	Proc06	10	B
 2015	Proc07	2	B
 2017	Proc02	5	B
 2022	(IDLE)	13	I
 2035	Proc06	20	S
 2055	Proc06	20	S
 2075	Proc06	20	S
 2095	Proc06	10	B
 2105	Proc07	2	B
 2107	Proc02	5	B
 2112	(IDLE)	13	I
 2125	Proc06	20	S
 2145	Proc06	20	S
 2165	Proc06	20	S
 2185	Proc06	10	B
 2195	Proc07	2	B
 2197	Proc02	5	B
 2202	(IDLE)	13	I
 2215	Proc06	20	S
 2235	Proc06	20	S
 2255	Proc06	20	S
 2275	Proc06	10	B
 2285	Proc07	2	B
 2287	Proc02	5	B
 2292	(IDLE)	13	I
 2305	Proc06	20	S
 2325	Proc06	20	S
 2345	Proc06	20	S
 2365	Proc06	10	B
 2375	Proc07	2	B
 2377	Proc02	5	B
 2382	(IDLE)	13	I
 2395	Proc06	20	S
 2415	Proc06	20	S
 2435	Proc06	20	S
 2455	Proc06	10	B
 2465	Proc07	2	B
 2467	Proc02	5	B
 2472	(IDLE)	13	I
 2485	Proc06	20	S
 2505	Proc06	20	S
 2525	Proc06	20	S
 2545	Proc06	10	B
 2555	Proc07	2	B
 2557	Proc02	5	B
 2562	(IDLE)	13	I
 2575	Proc06	20	S
 2595	Proc06	20	S
 2615	Proc06	20	S
 2635	Proc06	10	B
 2645	Proc07	2	B
 2647	Proc02	5	B
 2652	(IDLE)	13	I
 2665	Proc06	20	T
 2685	Proc07	2	B
 2687	Proc02	5	B
 2692	(IDLE)	15	I
 2707	Proc07	2	T
 2709	(IDLE)	3	I
 2712	Proc02	5	B
 2717	(IDLE)	20	I
 2737	Proc02	5	B
 2742	(IDLE)	20	I
 2762	Proc02	5	B
 2767	(IDLE)	20	I
 2787	Proc02	5	B
 2792	(IDLE)	20	I
 2812	Proc02	5	B
 2817	(IDLE)	20	I
 2837	Proc02	5	B
 2842	(IDLE)	20	I
 2862	Proc02	5	B
 2867	(IDLE)	20	I
 2887	Proc02	5	B
 2892	(IDLE)	20	I
 2912	Proc02	5	T
 2917	(END)	1549.4
