20 10
 0	Proc01	10	S
 10	Proc01	10	S
 20	Proc01	10	S
 30	Proc01	10	S
 40	Proc01	10	B
 50	(IDLE)	5	I
 55	Proc02	5	B
 60	(IDLE)	10	I
 70	Proc01	10	S
 80	Proc04	1	B
 81	Proc05	10	S
 91	Proc05	5	B
 96	Proc03	10	B
 106	Proc04	1	B
 107	Proc08	10	S
 117	Proc08	10	S
 127	Proc04	1	B
 128	Proc08	10	S
 138	Proc08	5	B
 143	Proc05	10	S
 153	Proc04	1	B
 154	Proc05	5	B
 159	Proc06	10	S
 169	Proc08	10	S
 179	Proc04	1	B
 180	Proc08	10	S
 190	Proc08	10	S
 200	Proc04	1	B
 201	Proc08	5	B
 206	Proc05	10	S
 216	Proc05	5	B
 221	Proc04	1	B
 222	Proc03	10	B
 232	Proc08	10	S
 242	Proc04	1	B
 243	Proc08	10	S
 253	Proc08	10	S
 263	Proc04	1	B
 264	Proc08	5	B
 269	Proc05	10	S
 279	Proc05	5	B
 284	Proc04	1	B
 285	Proc01	10	S
 295	Proc08	10	S
 305	Proc04	1	B
 306	Proc08	10	S
 316	Proc08	10	S
 326	Proc04	1	B
 327	Proc08	5	B
 332	Proc09	10	S
 342	Proc05	10	S
 352	Proc04	1	B
 353	Proc08	10	T
 363	Proc09	10	S
 373	Proc04	1	B
 374	Proc05	5	B
 379	Proc09	2	B
 381	Proc06	10	S
 391	Proc03	10	B
 401	Proc04	1	B
 402	Proc05	10	S
 412	Proc09	10	S
 422	Proc04	1	B
 423	Proc05	5	B
 428	Proc09	10	S
 438	Proc09	2	B
 440	Proc01	10	S
 450	Proc04	1	B
 451	Proc05	10	S
 461	Proc05	5	B
 466	Proc09	10	S
 476	Proc04	1	B
 477	Proc09	10	S
 487	Proc09	2	B
 489	Proc05	10	S
 499	Proc04	1	B
 500	Proc05	5	B
 505	Proc06	10	S
 515	Proc09	10	S
 525	Proc04	1	B
 526	Proc09	10	S
 536	Proc05	10	S
 546	Proc04	1	B
 547	Proc09	2	B
 549	Proc05	5	B
 554	Proc03	10	B
 564	Proc01	10	S
 574	Proc04	1	B
 575	Proc09	10	S
 585	Proc05	10	S
 595	Proc04	1	B
 596	Proc09	10	S
 606	Proc05	5	B
 611	Proc09	2	B
 613	Proc06	10	S
 623	Proc04	1	B
 624	Proc03	10	B
 634	Proc05	10	S
 644	Proc04	1	B
 645	Proc09	10	S
 655	Proc05	5	B
 660	Proc09	10	S
 670	Proc04	1	B
 671	Proc09	2	B
 673	Proc10	10	S
 683	Proc05	10	S
 693	Proc04	1	B
 694	Proc05	5	B
 699	Proc09	10	S
 709	Proc09	10	S
 719	Proc04	1	B
 720	Proc09	2	B
 722	Proc05	10	S
 732	Proc05	5	B
 737	Proc03	10	B
 747	Proc04	1	B
 748	Proc09	10	S
 758	Proc09	10	S
 768	Proc04	1	B
 769	Proc05	5	T
 774	Proc09	2	B
 776	Proc01	10	B
 786	Proc06	10	S
 796	Proc04	1	B
 797	Proc09	10	S
 807	Proc09	10	S
 817	Proc04	1	B
 818	Proc09	2	B
 820	Proc10	10	S
 830	Proc03	10	B
 840	Proc04	1	B
 841	Proc09	2	T
 843	Proc01	10	S
 853	Proc06	10	S
 863	Proc04	1	B
 864	Proc10	7	B
 871	Proc01	10	S
 881	Proc03	10	B
 891	Proc04	1	B
 892	Proc06	10	B
 902	Proc01	10	S
 912	Proc04	1	B
 913	Proc10	10	S
 923	Proc03	10	B
 933	Proc04	1	B
 934	Proc06	10	S
 944	Proc01	10	S
 954	Proc04	1	B
 955	Proc10	10	S
 965	Proc06	10	S
 975	Proc04	1	B
 976	Proc03	10	T
 986	Proc01	10	B
 996	Proc04	1	B
 997	Proc10	7	B
 1004	Proc06	10	S
 1014	Proc06	10	S
 1024	Proc04	1	B
 1025	Proc06	10	S
 1035	Proc01	10	S
 1045	Proc04	1	B
 1046	Proc10	10	S
 1056	Proc06	10	S
 1066	Proc04	1	B
 1067	Proc01	10	S
 1077	Proc10	10	S
 1087	Proc04	1	B
 1088	Proc06	10	B
 1098	Proc01	10	S
 1108	Proc04	1	B
 1109	Proc10	7	B
 1116	Proc01	10	S
 1126	Proc01	10	B
 1136	Proc04	1	B
 1137	Proc06	10	S
 1147	Proc10	10	S
 1157	Proc04	1	B
 1158	Proc06	10	S
 1168	Proc10	10	S
 1178	Proc04	1	B
 1179	Proc01	10	S
 1189	Proc06	10	S
 1199	Proc04	1	B
 1200	Proc10	7	B
 1207	Proc01	10	S
 1217	Proc06	10	S
 1227	Proc04	1	T
 1228	Proc01	10	S
 1238	Proc10	10	S
 1248	Proc06	10	S
 1258	Proc01	10	S
 1268	Proc10	10	S
 1278	Proc06	10	S
 1288	Proc01	10	B
 1298	Proc10	7	B
 1305	Proc06	10	B
 1315	Proc02	5	B
 1320	Proc01	10	S
 1330	Proc01	10	S
 1340	Proc10	10	S
 1350	Proc06	10	S
 1360	Proc01	10	S
 1370	Proc10	10	S
 1380	Proc06	10	S
 1390	Proc01	10	S
 1400	Proc10	7	B
 1407	Proc06	10	S
 1417	Proc01	10	B
 1427	Proc06	10	S
 1437	Proc10	10	S
 1447	Proc06	10	S
 1457	Proc10	10	S
 1467	Proc01	10	S
 1477	Proc06	10	S
 1487	Proc10	7	B
 1494	Proc01	10	S
 1504	Proc06	10	B
 1514	Proc01	10	S
 1524	Proc10	10	S
 1534	Proc01	10	S
 1544	Proc10	10	S
 1554	Proc06	10	S
 1564	Proc01	10	B
 1574	Proc10	7	B
 1581	Proc06	10	S
 1591	Proc06	10	S
 1601	Proc06	10	S
 1611	Proc01	10	S
 1621	Proc10	10	S
 1631	Proc06	10	S
 1641	Proc01	10	S
 1651	Proc10	10	S
 1661	Proc06	10	S
 1671	Proc01	10	S
 1681	Proc10	7	B
 1688	Proc06	10	B
 1698	Proc01	10	S
 1708	Proc01	10	B
 1718	Proc10	10	S
 1728	Proc06	10	S
 1738	Proc10	10	S
 1748	Proc06	10	S
 1758	Proc01	10	S
 1768	Proc10	7	B
 1775	Proc06	10	S
 1785	Proc01	10	S
 1795	Proc06	10	S
 1805	Proc01	10	S
 1815	Proc10	10	S
 1825	Proc06	10	S
 1835	Proc01	10	S
 1845	Proc10	10	S
 1855	Proc06	10	S
 1865	Proc01	10	B
 1875	Proc10	7	B
 1882	Proc06	10	B
 1892	Proc07	2	B
 1894	Proc02	5	B
 1899	Proc01	10	S
 1909	Proc01	10	S
 1919	Proc10	3	T
 1922	Proc06	10	S
 1932	Proc01	10	S
 1942	Proc06	10	S
 1952	Proc01	10	S
 1962	Proc06	10	S
 1972	Proc01	10	T
 1982	Proc06	10	S
 1992	Proc06	10	S
 2002	Proc06	10	S
 2012	Proc06	10	B
 2022	Proc07	2	B
 2024	Proc02	5	B
 2029	(IDLE)	13	I
 2042	Proc06	10	S
 2052	Proc06	10	S
 2062	Proc06	10	S
 2072	Proc06	10	S
 2082	Proc06	10	S
 2092	Proc06	10	S
 2102	Proc06	10	B
 2112	Proc07	2	B
 2114	Proc02	5	B
 2119	(IDLE)	13	I
 2132	Proc06	10	S
 2142	Proc06	10	S
 2152	Proc06	10	S
 2162	Proc06	10	S
 2172	Proc06	10	S
 2182	Proc06	10	S
 2192	Proc06	10	B
 2202	Proc07	2	B
 2204	Proc02	5	B
 2209	(IDLE)	13	I
 2222	Proc06	10	S
 2232	Proc06	10	S
 2242	Proc06	10	S
 2252	Proc06	10	S
 2262	Proc06	10	S
 2272	Proc06	10	S
 2282	Proc06	10	B
 2292	Proc07	2	B
 2294	Proc02	5	B
 2299	(IDLE)	13	I
 2312	Proc06	10	S
 2322	Proc06	10	S
 2332	Proc06	10	S
 2342	Proc06	10	S
 2352	Proc06	10	S
 2362	Proc06	10	S
 2372	Proc06	10	B
 2382	Proc07	2	B
 2384	Proc02	5	B
 2389	(IDLE)	13	I
 2402	Proc06	10	S
 2412	Proc06	10	S
 2422	Proc06	10	S
 2432	Proc06	10	S
 2442	Proc06	10	S
 2452	Proc06	10	S
 2462	Proc06	10	B
 2472	Proc07	2	B
 2474	Proc02	5	B
 2479	(IDLE)	13	I
 2492	Proc06	10	S
 2502	Proc06	10	S
 2512	Proc06	10	S
 2522	Proc06	10	S
 2532	Proc06	10	S
 2542	Proc06	10	S
 2552	Proc06	10	B
 2562	Proc07	2	B
 2564	Proc02	5	B
 2569	(IDLE)	13	I
 2582	Proc06	10	S
 2592	Proc06	10	S
 2602	Proc06	10	S
 2612	Proc06	10	S
 2622	Proc06	10	S
 2632	Proc06	10	S
 2642	Proc06	10	B
 2652	Proc07	2	B
 2654	Proc02	5	B
 2659	(IDLE)	13	I
 2672	Proc06	10	S
 2682	Proc06	10	T
 2692	Proc07	2	T
 2694	Proc02	5	B
 2699	(IDLE)	20	I
 2719	Proc02	5	B
 2724	(IDLE)	20	I
 2744	Proc02	5	B
 2749	(IDLE)	20	I
 2769	Proc02	5	B
 2774	(IDLE)	20	I
 2794	Proc02	5	B
 2799	(IDLE)	20	I
 2819	Proc02	5	B
 2824	(IDLE)	20	I
 2844	Proc02	5	B
 2849	(IDLE)	20	I
 2869	Proc02	5	B
 2874	(IDLE)	20	I
 2894	Proc02	5	T
 2899	(END)	1492.5
