50 10
 0	Proc01	10	S
 10	Proc01	10	S
 20	Proc01	10	S
 30	Proc01	10	S
 40	Proc01	10	B
 50	(IDLE)	5	I
 55	Proc02	5	B
 60	(IDLE)	10	I
 70	Proc03	10	B
 80	Proc04	1	B
 81	Proc05	10	S
 91	Proc05	5	B
 96	Proc06	10	S
 106	Proc08	10	S
 116	Proc08	10	S
 126	Proc08	10	S
 136	Proc04	1	B
 137	Proc08	5	B
 142	Proc06	10	S
 152	Proc05	10	S
 162	Proc05	5	B
 167	Proc01	10	S
 177	Proc03	10	B
 187	Proc04	1	B
 188	Proc06	10	S
 198	Proc08	10	S
 208	Proc08	10	S
 218	Proc08	10	S
 228	Proc08	5	B
 233	Proc05	10	S
 243	Proc04	1	B
 244	Proc05	5	B
 249	Proc01	10	S
 259	Proc03	10	B
 269	Proc06	10	S
 279	Proc01	10	S
 289	Proc08	10	S
 299	Proc04	1	B
 300	Proc08	10	S
 310	Proc08	10	S
 320	Proc08	5	B
 325	Proc05	10	S
 335	Proc09	10	S
 345	Proc05	5	B
 350	Proc04	1	B
 351	Proc09	10	S
 361	Proc09	2	B
 363	Proc06	10	S
 373	Proc01	10	S
 383	Proc08	10	S
 393	Proc08	10	S
 403	Proc04	1	B
 404	Proc08	10	S
 414	Proc08	5	B
 419	Proc05	10	S
 429	Proc09	10	S
 439	Proc05	5	B
 444	Proc09	10	S
 454	Proc04	1	B
 455	Proc09	2	B
 457	Proc03	10	B
 467	Proc06	10	S
 477	Proc08	10	T
 487	Proc01	10	B
 497	Proc05	10	S
 507	Proc04	1	B
 508	Proc05	5	B
 513	Proc09	10	S
 523	Proc09	10	S
 533	Proc09	2	B
 535	Proc06	10	B
 545	Proc03	10	B
 555	Proc01	10	S
 565	Proc04	1	B
 566	Proc05	10	S
 576	Proc05	5	B
 581	Proc01	10	S
 591	Proc09	10	S
 601	Proc09	10	S
 611	Proc09	2	B
 613	Proc01	10	S
 623	Proc04	1	B
 624	Proc06	10	S
 634	Proc05	10	S
 644	Proc05	5	B
 649	Proc10	10	S
 659	Proc03	10	B
 669	Proc09	10	S
 679	Proc04	1	B
 680	Proc09	10	S
 690	Proc09	2	B
 692	Proc01	10	S
 702	Proc05	10	S
 712	Proc05	5	B
 717	Proc06	10	S
 727	Proc10	10	S
 737	Proc04	1	B
 738	Proc03	10	B
 748	Proc09	10	S
 758	Proc09	10	S
 768	Proc09	2	B
 770	Proc05	10	S
 780	Proc05	5	B
 785	Proc01	10	B
 795	Proc04	1	B
 796	Proc06	10	S
 806	Proc10	7	B
 813	Proc03	10	B
 823	Proc09	10	S
 833	Proc09	10	S
 843	Proc09	2	B
 845	Proc05	10	S
 855	Proc04	1	B
 856	Proc05	5	B
 861	Proc06	10	S
 871	Proc01	10	S
 881	Proc10	10	S
 891	Proc03	10	B
 901	Proc09	10	S
 911	Proc04	1	B
 912	Proc09	10	S
 922	Proc05	10	S
 932	Proc09	2	B
 934	Proc05	5	B
 939	Proc06	10	S
 949	Proc01	10	S
 959	Proc10	10	S
 969	Proc04	1	B
 970	Proc03	10	T
 980	Proc06	10	S
 990	Proc09	10	S
 1000	Proc05	10	S
 1010	Proc09	10	S
 1020	Proc04	1	B
 1021	Proc05	5	B
 1026	Proc09	2	B
 1028	Proc01	10	S
 1038	Proc10	7	B
 1045	Proc06	10	B
 1055	Proc01	10	S
 1065	Proc01	10	B
 1075	Proc04	1	B
 1076	Proc05	5	T
 1081	Proc09	2	T
 1083	Proc07	2	B
 1085	Proc02	5	B
 1090	(IDLE)	5	I
 1095	Proc10	10	S
 1105	Proc10	10	S
 1115	Proc06	10	S
 1125	Proc10	7	B
 1132	Proc04	1	B
 1133	Proc06	10	S
 1143	Proc01	10	S
 1153	Proc06	10	S
 1163	Proc01	10	S
 1173	Proc06	10	S
 1183	Proc04	1	B
 1184	Proc01	10	S
 1194	Proc10	10	S
 1204	Proc06	10	S
 1214	Proc01	10	S
 1224	Proc10	10	S
 1234	Proc04	1	B
 1235	Proc06	10	S
 1245	Proc01	10	B
 1255	Proc10	7	B
 1262	Proc06	10	B
 1272	Proc07	2	B
 1274	Proc02	5	B
 1279	(IDLE)	6	I
 1285	Proc04	1	B
 1286	(IDLE)	19	I
 1305	Proc01	10	S
 1315	Proc01	10	S
 1325	Proc10	10	S
 1335	Proc06	10	S
 1345	Proc04	1	B
 1346	Proc01	10	S
 1356	Proc10	10	S
 1366	Proc06	10	S
 1376	Proc01	10	S
 1386	Proc10	7	B
 1393	Proc06	10	S
 1403	Proc04	1	B
 1404	Proc01	10	B
 1414	Proc06	10	S
 1424	Proc06	10	S
 1434	Proc06	10	S
 1444	Proc06	10	B
 1454	Proc04	1	B
 1455	Proc10	10	S
 1465	Proc10	10	S
 1475	Proc01	10	S
 1485	Proc10	7	B
 1492	Proc01	10	S
 1502	Proc01	10	S
 1512	Proc04	1	B
 1513	Proc01	10	S
 1523	Proc06	10	S
 1533	Proc01	10	B
 1543	Proc06	10	S
 1553	Proc10	10	S
 1563	Proc04	1	B
 1564	Proc06	10	S
 1574	Proc10	10	S
 1584	Proc06	10	S
 1594	Proc10	7	B
 1601	Proc01	10	S
 1611	Proc06	10	S
 1621	Proc04	1	B
 1622	Proc01	10	S
 1632	Proc06	10	S
 1642	Proc01	10	S
 1652	Proc06	10	B
 1662	Proc01	10	S
 1672	Proc04	1	B
 1673	Proc10	10	S
 1683	Proc01	10	B
 1693	Proc10	10	S
 1703	Proc10	7	B
 1710	Proc07	2	B
 1712	Proc06	10	S
 1722	Proc06	10	S
 1732	Proc04	1	B
 1733	Proc06	10	S
 1743	Proc06	10	S
 1753	Proc01	10	S
 1763	Proc06	10	S
 1773	Proc01	10	S
 1783	Proc04	1	B
 1784	Proc10	10	S
 1794	Proc06	10	S
 1804	Proc01	10	S
 1814	Proc10	10	S
 1824	Proc06	10	B
 1834	Proc04	1	B
 1835	Proc01	10	S
 1845	Proc10	7	B
 1852	Proc01	10	B
 1862	Proc02	5	B
 1867	Proc07	2	B
 1869	(IDLE)	15	I
 1884	Proc06	10	S
 1894	Proc04	1	B
 1895	Proc06	10	S
 1905	Proc06	10	S
 1915	Proc10	10	S
 1925	Proc01	10	S
 1935	Proc06	10	S
 1945	Proc04	1	B
 1946	Proc10	10	S
 1956	Proc01	10	S
 1966	Proc06	10	S
 1976	Proc10	7	B
 1983	Proc01	10	S
 1993	Proc06	10	S
 2003	Proc04	1	B
 2004	Proc01	10	S
 2014	Proc06	10	B
 2024	Proc01	10	T
 2034	Proc10	10	S
 2044	Proc10	10	S
 2054	Proc04	1	B
 2055	Proc10	7	B
 2062	Proc02	5	B
 2067	Proc07	2	B
 2069	(IDLE)	5	I
 2074	Proc06	10	S
 2084	Proc06	10	S
 2094	Proc06	10	S
 2104	Proc06	10	S
 2114	Proc04	1	B
 2115	Proc06	10	S
 2125	Proc10	3	T
 2128	Proc06	10	S
 2138	Proc06	10	B
 2148	Proc02	5	B
 2153	Proc07	2	B
 2155	(IDLE)	10	I
 2165	Proc04	1	B
 2166	(IDLE)	32	I
 2198	Proc06	10	S
 2208	Proc06	10	S
 2218	Proc04	1	B
 2219	Proc06	10	S
 2229	Proc06	10	S
 2239	Proc06	10	S
 2249	Proc06	10	S
 2259	Proc06	10	B
 2269	Proc04	1	B
 2270	Proc02	5	B
 2275	Proc07	2	B
 2277	(IDLE)	42	I
 2319	Proc06	10	S
 2329	Proc04	1	B
 2330	Proc06	10	S
 2340	Proc06	10	S
 2350	Proc06	10	S
 2360	Proc06	10	S
 2370	Proc06	10	S
 2380	Proc04	1	B
 2381	Proc06	10	B
 2391	Proc02	5	B
 2396	Proc07	2	B
 2398	(IDLE)	33	I
 2431	Proc04	1	B
 2432	(IDLE)	9	I
 2441	Proc06	10	S
 2451	Proc06	10	S
 2461	Proc06	10	S
 2471	Proc06	10	S
 2481	Proc06	10	S
 2491	Proc04	1	B
 2492	Proc06	10	S
 2502	Proc06	10	B
 2512	Proc02	5	B
 2517	Proc07	2	B
 2519	(IDLE)	23	I
 2542	Proc04	1	B
 2543	(IDLE)	19	I
 2562	Proc06	10	S
 2572	Proc06	10	S
 2582	Proc06	10	S
 2592	Proc06	10	S
 2602	Proc04	1	B
 2603	Proc06	10	S
 2613	Proc06	10	S
 2623	Proc06	10	B
 2633	Proc02	5	B
 2638	Proc07	2	T
 2640	(IDLE)	13	I
 2653	Proc04	1	B
 2654	(IDLE)	29	I
 2683	Proc06	10	S
 2693	Proc06	10	S
 2703	Proc06	10	S
 2713	Proc04	1	B
 2714	Proc06	10	S
 2724	Proc06	10	S
 2734	Proc06	10	S
 2744	Proc06	10	B
 2754	Proc02	5	B
 2759	(IDLE)	5	I
 2764	Proc04	1	T
 2765	(IDLE)	39	I
 2804	Proc06	10	S
 2814	Proc06	10	S
 2824	Proc06	10	S
 2834	Proc06	10	S
 2844	Proc06	10	S
 2854	Proc06	10	S
 2864	Proc06	10	B
 2874	Proc02	5	B
 2879	(IDLE)	45	I
 2924	Proc06	10	S
 2934	Proc06	10	T
 2944	Proc02	5	B
 2949	(IDLE)	50	I
 2999	Proc02	5	B
 3004	(IDLE)	50	I
 3054	Proc02	5	B
 3059	(IDLE)	50	I
 3109	Proc02	5	B
 3114	(IDLE)	50	I
 3164	Proc02	5	B
 3169	(IDLE)	50	I
 3219	Proc02	5	B
 3224	(IDLE)	50	I
 3274	Proc02	5	B
 3279	(IDLE)	50	I
 3329	Proc02	5	T
 3334	(END)	1801.8
